inline selector loaded: 27 candidates
[bakeoff] loading data ...
[bakeoff] N=10000, T=11, end_idx=10
[bakeoff] building seq features (end_idx=10) ...
[bakeoff] seq_feat.shape = (10000, 6, 9)
[bakeoff] codebooks ready (kmeans min cluster=113)
[E0a] n_train=7980, n_val=2020, K=7
[E0a] epoch 01/15 loss=1.9545 val_hit@1cm=0.6391 DCM=0.00085
[E0a] epoch 02/15 loss=1.9529 val_hit@1cm=0.6411 DCM=0.00045
[E0a] epoch 03/15 loss=1.9525 val_hit@1cm=0.6401 DCM=0.00038
[E0a] epoch 04/15 loss=1.9526 val_hit@1cm=0.6416 DCM=0.00037
[E0a] epoch 05/15 loss=1.9518 val_hit@1cm=0.6396 DCM=0.00037
[E0a] epoch 06/15 loss=1.9516 val_hit@1cm=0.6381 DCM=0.00012
[E0a] epoch 07/15 loss=1.9506 val_hit@1cm=0.6416 DCM=0.00037
[E0a] early stop @ epoch 7
[E0a] best val_hit=0.6416 @ epoch 4 (DCM=0.00037, 5.7s)
[E0b] n_train=7980, n_val=2020, K=7
[E0b] epoch 01/15 loss=1.9498 val_hit@1cm=0.6292 DCM=0.00236
[E0b] epoch 02/15 loss=1.9473 val_hit@1cm=0.6139 DCM=0.00312
[E0b] epoch 03/15 loss=1.9451 val_hit@1cm=0.6064 DCM=0.00345
[E0b] epoch 04/15 loss=1.9451 val_hit@1cm=0.6025 DCM=0.00369
[E0b] early stop @ epoch 4
[E0b] best val_hit=0.6292 @ epoch 1 (DCM=0.00236, 2.9s)
[E0c] n_train=7980, n_val=2020, K=7
[E0c] epoch 01/15 loss=1.9408 val_hit@1cm=0.6366 DCM=0.00175
[E0c] epoch 02/15 loss=1.9050 val_hit@1cm=0.6332 DCM=0.00221
[E0c] epoch 03/15 loss=1.8858 val_hit@1cm=0.6396 DCM=0.00121
[E0c] epoch 04/15 loss=1.8734 val_hit@1cm=0.6416 DCM=0.00079
[E0c] epoch 05/15 loss=1.8629 val_hit@1cm=0.6416 DCM=0.00095
[E0c] epoch 06/15 loss=1.8498 val_hit@1cm=0.6401 DCM=0.00062
[E0c] epoch 07/15 loss=1.8412 val_hit@1cm=0.6411 DCM=0.00073
[E0c] early stop @ epoch 7
[E0c] best val_hit=0.6416 @ epoch 4 (DCM=0.00079, 5.0s)
[bakeoff] tie-break applied: winner=E0a (gap=0.0000 < 0.005)
[bakeoff] wrote analysis/plan-012/phase1_winner.json
[bakeoff] winner = E0a (0.6416), gap=0.0000, G1 passed=False
