inline selector loaded: 27 candidates
FOLD_START model=attn_gru fold=1/5 train_pre=207480 pre_eff=191919.0 norm=real train_fine=7980 val=2020 oracle_hit=0.7277 prior_top=[{'name': 'frenet_best', 'count': 2020}]
GAUGE model=attn_gru fold=1 stage=pretrain epoch=1/10 loss=3.49300 arg_hit=0.6332 soft_hit=0.6406 soft_temp=0.1 arg_mean=0.012153 soft_mean=0.012179 best_soft_hit=0.6406 wait=0/4 top=[{'name': 'frenet_par120_perp_neg020', 'count': 745}, {'name': 'acc_2d1_056', 'count': 192}, {'name': 'frenet_par110_perp_neg020', 'count': 187}, {'name': 'frenet_par100_perp_neg010', 'count': 155}]
GAUGE model=attn_gru fold=1 stage=pretrain epoch=2/10 loss=3.34946 arg_hit=0.6436 soft_hit=0.6559 soft_temp=0.1 arg_mean=0.011965 soft_mean=0.011945 best_soft_hit=0.6559 wait=0/4 top=[{'name': 'frenet_par120_perp_neg020', 'count': 482}, {'name': 'frenet_fast_par120_perp_neg020', 'count': 350}, {'name': 'acc_2d1_060', 'count': 309}, {'name': 'frenet_par110_perp_neg020', 'count': 219}]
GAUGE model=attn_gru fold=1 stage=pretrain epoch=3/10 loss=3.47225 arg_hit=0.6480 soft_hit=0.6609 soft_temp=0.07 arg_mean=0.011907 soft_mean=0.011812 best_soft_hit=0.6609 wait=0/4 top=[{'name': 'frenet_fast_par120_perp_neg020', 'count': 373}, {'name': 'latency_short_frenet_best_085', 'count': 299}, {'name': 'acc_2d1_060', 'count': 298}, {'name': 'frenet_par110_perp_neg020', 'count': 270}]
GAUGE model=attn_gru fold=1 stage=pretrain epoch=4/10 loss=3.33763 arg_hit=0.6495 soft_hit=0.6629 soft_temp=0.1 arg_mean=0.011929 soft_mean=0.011815 best_soft_hit=0.6629 wait=0/4 top=[{'name': 'latency_short_frenet_best_085', 'count': 395}, {'name': 'frenet_par110_perp_neg020', 'count': 300}, {'name': 'acc_2d1_060', 'count': 290}, {'name': 'frenet_fast_par120_perp_neg020', 'count': 242}]
GAUGE model=attn_gru fold=1 stage=pretrain epoch=5/10 loss=3.36618 arg_hit=0.6455 soft_hit=0.6639 soft_temp=0.05 arg_mean=0.012021 soft_mean=0.011779 best_soft_hit=0.6639 wait=0/4 top=[{'name': 'latency_short_frenet_best_085', 'count': 380}, {'name': 'acc_2d1_060', 'count': 365}, {'name': 'frenet_par110_perp_neg020', 'count': 230}, {'name': 'latency_long_frenet_best_115', 'count': 188}]
GAUGE model=attn_gru fold=1 stage=pretrain epoch=6/10 loss=3.32730 arg_hit=0.6465 soft_hit=0.6629 soft_temp=0.07 arg_mean=0.011970 soft_mean=0.011758 best_soft_hit=0.6639 wait=1/4 top=[{'name': 'latency_short_frenet_best_085', 'count': 376}, {'name': 'frenet_par110_perp_neg020', 'count': 251}, {'name': 'latency_long_frenet_best_115', 'count': 213}, {'name': 'frenet_par100_perp_neg010', 'count': 179}]
GAUGE model=attn_gru fold=1 stage=pretrain epoch=7/10 loss=3.35137 arg_hit=0.6416 soft_hit=0.6644 soft_temp=0.15 arg_mean=0.012054 soft_mean=0.011820 best_soft_hit=0.6644 wait=0/4 top=[{'name': 'latency_short_frenet_best_085', 'count': 512}, {'name': 'frenet_par110_perp_neg020', 'count': 224}, {'name': 'latency_long_frenet_best_115', 'count': 216}, {'name': 'acc_2d1_060', 'count': 212}]
GAUGE model=attn_gru fold=1 stage=pretrain epoch=8/10 loss=3.34008 arg_hit=0.6426 soft_hit=0.6649 soft_temp=0.07 arg_mean=0.012084 soft_mean=0.011741 best_soft_hit=0.6649 wait=0/4 top=[{'name': 'latency_short_frenet_best_085', 'count': 533}, {'name': 'latency_long_frenet_best_115', 'count': 247}, {'name': 'acc_2d1_060', 'count': 228}, {'name': 'frenet_par110_perp_neg020', 'count': 211}]
GAUGE model=attn_gru fold=1 stage=pretrain epoch=9/10 loss=3.32570 arg_hit=0.6416 soft_hit=0.6629 soft_temp=0.05 arg_mean=0.012034 soft_mean=0.011754 best_soft_hit=0.6649 wait=1/4 top=[{'name': 'latency_short_frenet_best_085', 'count': 332}, {'name': 'latency_long_frenet_best_115', 'count': 308}, {'name': 'frenet_par110_perp_neg020', 'count': 274}, {'name': 'acc_2d1_060', 'count': 237}]
GAUGE model=attn_gru fold=1 stage=pretrain epoch=10/10 loss=3.31275 arg_hit=0.6431 soft_hit=0.6653 soft_temp=0.07 arg_mean=0.012042 soft_mean=0.011738 best_soft_hit=0.6653 wait=0/4 top=[{'name': 'latency_short_frenet_best_085', 'count': 545}, {'name': 'latency_long_frenet_best_115', 'count': 275}, {'name': 'frenet_par110_perp_neg020', 'count': 232}, {'name': 'acc_2d1_060', 'count': 179}]
GAUGE model=attn_gru fold=1 stage=finetune_head epoch=1/3 loss=3.14209 arg_hit=0.6416 soft_hit=0.6639 soft_temp=0.07 arg_mean=0.012083 soft_mean=0.011736 best_soft_hit=0.6639 wait=0/4 top=[{'name': 'latency_short_frenet_best_085', 'count': 582}, {'name': 'latency_long_frenet_best_115', 'count': 276}, {'name': 'frenet_par110_perp_neg020', 'count': 208}, {'name': 'acc_2d1_060', 'count': 167}]
GAUGE model=attn_gru fold=1 stage=finetune_head epoch=2/3 loss=3.13932 arg_hit=0.6406 soft_hit=0.6634 soft_temp=0.1 arg_mean=0.012096 soft_mean=0.011758 best_soft_hit=0.6639 wait=1/4 top=[{'name': 'latency_short_frenet_best_085', 'count': 621}, {'name': 'latency_long_frenet_best_115', 'count': 278}, {'name': 'frenet_par110_perp_neg020', 'count': 180}, {'name': 'acc_2d1_060', 'count': 154}]
GAUGE model=attn_gru fold=1 stage=finetune_head epoch=3/3 loss=3.13689 arg_hit=0.6391 soft_hit=0.6634 soft_temp=0.1 arg_mean=0.012128 soft_mean=0.011755 best_soft_hit=0.6639 wait=2/4 top=[{'name': 'latency_short_frenet_best_085', 'count': 646}, {'name': 'latency_long_frenet_best_115', 'count': 278}, {'name': 'frenet_par110_perp_neg020', 'count': 166}, {'name': 'jerk_small_neg', 'count': 156}]
GAUGE model=attn_gru fold=1 stage=finetune epoch=1/5 loss=3.13834 arg_hit=0.6396 soft_hit=0.6639 soft_temp=0.15 arg_mean=0.012080 soft_mean=0.011810 best_soft_hit=0.6639 wait=0/4 top=[{'name': 'latency_short_frenet_best_085', 'count': 605}, {'name': 'latency_long_frenet_best_115', 'count': 272}, {'name': 'frenet_par110_perp_neg020', 'count': 198}, {'name': 'acc_2d1_060', 'count': 146}]
GAUGE model=attn_gru fold=1 stage=finetune epoch=2/5 loss=3.13639 arg_hit=0.6401 soft_hit=0.6629 soft_temp=0.1 arg_mean=0.012094 soft_mean=0.011755 best_soft_hit=0.6639 wait=1/4 top=[{'name': 'latency_short_frenet_best_085', 'count': 632}, {'name': 'latency_long_frenet_best_115', 'count': 271}, {'name': 'frenet_par110_perp_neg020', 'count': 197}, {'name': 'acc_2d1_060', 'count': 137}]
GAUGE model=attn_gru fold=1 stage=finetune epoch=3/5 loss=3.13258 arg_hit=0.6401 soft_hit=0.6629 soft_temp=0.1 arg_mean=0.012108 soft_mean=0.011753 best_soft_hit=0.6639 wait=2/4 top=[{'name': 'latency_short_frenet_best_085', 'count': 647}, {'name': 'latency_long_frenet_best_115', 'count': 270}, {'name': 'frenet_par110_perp_neg020', 'count': 201}, {'name': 'acc_2d1_060', 'count': 134}]
GAUGE model=attn_gru fold=1 stage=finetune epoch=4/5 loss=3.12932 arg_hit=0.6406 soft_hit=0.6634 soft_temp=0.1 arg_mean=0.012123 soft_mean=0.011751 best_soft_hit=0.6639 wait=3/4 top=[{'name': 'latency_short_frenet_best_085', 'count': 666}, {'name': 'latency_long_frenet_best_115', 'count': 266}, {'name': 'frenet_par110_perp_neg020', 'count': 198}, {'name': 'jerk_small_neg', 'count': 142}]
GAUGE model=attn_gru fold=1 stage=finetune epoch=5/5 loss=3.12726 arg_hit=0.6391 soft_hit=0.6639 soft_temp=0.1 arg_mean=0.012142 soft_mean=0.011751 best_soft_hit=0.6639 wait=4/4 top=[{'name': 'latency_short_frenet_best_085', 'count': 683}, {'name': 'latency_long_frenet_best_115', 'count': 265}, {'name': 'frenet_par110_perp_neg020', 'count': 197}, {'name': 'jerk_small_neg', 'count': 142}]
EARLY_STOP model=attn_gru fold=1 stage=finetune epoch=5 best_soft_hit=0.6639
FOLD_START model=attn_gru fold=2/5 train_pre=206778 pre_eff=191269.7 norm=real train_fine=7953 val=2047 oracle_hit=0.7098 prior_top=[{'name': 'frenet_par120_perp_neg020', 'count': 2047}]
GAUGE model=attn_gru fold=2 stage=pretrain epoch=1/10 loss=3.52766 arg_hit=0.6087 soft_hit=0.6336 soft_temp=0.05 arg_mean=0.012262 soft_mean=0.012146 best_soft_hit=0.6336 wait=0/4 top=[{'name': 'frenet_par120_perp_neg020', 'count': 961}, {'name': 'acc_2d1_056', 'count': 263}, {'name': 'frenet_par110_perp_neg020', 'count': 153}, {'name': 'frenet_par090_perp020', 'count': 136}]
GAUGE model=attn_gru fold=2 stage=pretrain epoch=2/10 loss=3.41373 arg_hit=0.6317 soft_hit=0.6448 soft_temp=0.05 arg_mean=0.011991 soft_mean=0.011888 best_soft_hit=0.6448 wait=0/4 top=[{'name': 'frenet_par120_perp_neg020', 'count': 373}, {'name': 'frenet_fast_par120_perp_neg020', 'count': 314}, {'name': 'latency_short_frenet_best_085', 'count': 304}, {'name': 'frenet_par110_perp_neg020', 'count': 250}]
GAUGE model=attn_gru fold=2 stage=pretrain epoch=3/10 loss=3.38371 arg_hit=0.6312 soft_hit=0.6468 soft_temp=0.07 arg_mean=0.011971 soft_mean=0.011850 best_soft_hit=0.6468 wait=0/4 top=[{'name': 'latency_short_frenet_best_085', 'count': 360}, {'name': 'frenet_fast_par120_perp_neg020', 'count': 358}, {'name': 'acc_2d1_060', 'count': 248}, {'name': 'frenet_par120_perp_neg020', 'count': 219}]
GAUGE model=attn_gru fold=2 stage=pretrain epoch=4/10 loss=3.41351 arg_hit=0.6282 soft_hit=0.6483 soft_temp=0.07 arg_mean=0.011970 soft_mean=0.011809 best_soft_hit=0.6483 wait=0/4 top=[{'name': 'latency_short_frenet_best_085', 'count': 414}, {'name': 'frenet_par110_perp_neg020', 'count': 270}, {'name': 'acc_2d1_060', 'count': 258}, {'name': 'frenet_fast_par120_perp_neg020', 'count': 167}]
GAUGE model=attn_gru fold=2 stage=pretrain epoch=5/10 loss=3.36779 arg_hit=0.6292 soft_hit=0.6488 soft_temp=0.07 arg_mean=0.011982 soft_mean=0.011785 best_soft_hit=0.6488 wait=0/4 top=[{'name': 'latency_short_frenet_best_085', 'count': 378}, {'name': 'acc_2d1_060', 'count': 230}, {'name': 'frenet_par120_perp_neg020', 'count': 224}, {'name': 'frenet_par110_perp_neg020', 'count': 221}]
GAUGE model=attn_gru fold=2 stage=pretrain epoch=6/10 loss=3.33002 arg_hit=0.6312 soft_hit=0.6492 soft_temp=0.07 arg_mean=0.011930 soft_mean=0.011755 best_soft_hit=0.6492 wait=0/4 top=[{'name': 'latency_short_frenet_best_085', 'count': 430}, {'name': 'acc_2d1_060', 'count': 241}, {'name': 'frenet_par110_perp_neg020', 'count': 199}, {'name': 'frenet_par120_perp_neg020', 'count': 197}]
GAUGE model=attn_gru fold=2 stage=pretrain epoch=7/10 loss=3.37732 arg_hit=0.6243 soft_hit=0.6502 soft_temp=0.07 arg_mean=0.012005 soft_mean=0.011738 best_soft_hit=0.6502 wait=0/4 top=[{'name': 'latency_short_frenet_best_085', 'count': 516}, {'name': 'acc_2d1_060', 'count': 203}, {'name': 'frenet_par110_perp_neg020', 'count': 176}, {'name': 'latency_long_frenet_best_108', 'count': 160}]
GAUGE model=attn_gru fold=2 stage=pretrain epoch=8/10 loss=3.31063 arg_hit=0.6292 soft_hit=0.6507 soft_temp=0.07 arg_mean=0.011976 soft_mean=0.011746 best_soft_hit=0.6507 wait=0/4 top=[{'name': 'latency_short_frenet_best_085', 'count': 523}, {'name': 'frenet_par110_perp_neg020', 'count': 226}, {'name': 'frenet_par120_perp_neg020', 'count': 169}, {'name': 'acc_2d1_060', 'count': 143}]
GAUGE model=attn_gru fold=2 stage=pretrain epoch=9/10 loss=3.31425 arg_hit=0.6312 soft_hit=0.6492 soft_temp=0.05 arg_mean=0.011981 soft_mean=0.011740 best_soft_hit=0.6507 wait=1/4 top=[{'name': 'latency_short_frenet_best_085', 'count': 469}, {'name': 'latency_long_frenet_best_115', 'count': 211}, {'name': 'frenet_fast_par100', 'count': 190}, {'name': 'acc_2d1_060', 'count': 185}]
GAUGE model=attn_gru fold=2 stage=pretrain epoch=10/10 loss=3.33272 arg_hit=0.6297 soft_hit=0.6507 soft_temp=0.07 arg_mean=0.011997 soft_mean=0.011757 best_soft_hit=0.6507 wait=2/4 top=[{'name': 'latency_short_frenet_best_085', 'count': 440}, {'name': 'frenet_par110_perp_neg020', 'count': 240}, {'name': 'latency_long_frenet_best_115', 'count': 234}, {'name': 'acc_2d1_060', 'count': 208}]
GAUGE model=attn_gru fold=2 stage=finetune_head epoch=1/3 loss=3.14191 arg_hit=0.6277 soft_hit=0.6492 soft_temp=0.07 arg_mean=0.012005 soft_mean=0.011744 best_soft_hit=0.6492 wait=0/4 top=[{'name': 'latency_short_frenet_best_085', 'count': 548}, {'name': 'frenet_par110_perp_neg020', 'count': 210}, {'name': 'frenet_par120_perp_neg020', 'count': 161}, {'name': 'latency_long_frenet_best_115', 'count': 146}]
GAUGE model=attn_gru fold=2 stage=finetune_head epoch=2/3 loss=3.14014 arg_hit=0.6268 soft_hit=0.6497 soft_temp=0.1 arg_mean=0.012010 soft_mean=0.011769 best_soft_hit=0.6497 wait=0/4 top=[{'name': 'latency_short_frenet_best_085', 'count': 578}, {'name': 'frenet_par110_perp_neg020', 'count': 198}, {'name': 'latency_long_frenet_best_115', 'count': 155}, {'name': 'frenet_par120_perp_neg020', 'count': 151}]
GAUGE model=attn_gru fold=2 stage=finetune_head epoch=3/3 loss=3.13750 arg_hit=0.6277 soft_hit=0.6492 soft_temp=0.1 arg_mean=0.012033 soft_mean=0.011766 best_soft_hit=0.6497 wait=1/4 top=[{'name': 'latency_short_frenet_best_085', 'count': 608}, {'name': 'frenet_par110_perp_neg020', 'count': 183}, {'name': 'latency_long_frenet_best_115', 'count': 162}, {'name': 'frenet_par120_perp_neg020', 'count': 145}]
GAUGE model=attn_gru fold=2 stage=finetune epoch=1/5 loss=3.13701 arg_hit=0.6268 soft_hit=0.6492 soft_temp=0.07 arg_mean=0.012036 soft_mean=0.011745 best_soft_hit=0.6492 wait=0/4 top=[{'name': 'latency_short_frenet_best_085', 'count': 608}, {'name': 'frenet_par110_perp_neg020', 'count': 185}, {'name': 'latency_long_frenet_best_115', 'count': 158}, {'name': 'frenet_par120_perp_neg020', 'count': 147}]
GAUGE model=attn_gru fold=2 stage=finetune epoch=2/5 loss=3.13469 arg_hit=0.6258 soft_hit=0.6497 soft_temp=0.07 arg_mean=0.012062 soft_mean=0.011748 best_soft_hit=0.6497 wait=0/4 top=[{'name': 'latency_short_frenet_best_085', 'count': 630}, {'name': 'frenet_par110_perp_neg020', 'count': 181}, {'name': 'latency_long_frenet_best_115', 'count': 162}, {'name': 'frenet_par120_perp_neg020', 'count': 136}]
GAUGE model=attn_gru fold=2 stage=finetune epoch=3/5 loss=3.13222 arg_hit=0.6234 soft_hit=0.6502 soft_temp=0.1 arg_mean=0.012074 soft_mean=0.011764 best_soft_hit=0.6502 wait=0/4 top=[{'name': 'latency_short_frenet_best_085', 'count': 655}, {'name': 'frenet_par110_perp_neg020', 'count': 175}, {'name': 'latency_long_frenet_best_115', 'count': 165}, {'name': 'frenet_fast_par100', 'count': 136}]
GAUGE model=attn_gru fold=2 stage=finetune epoch=4/5 loss=3.13001 arg_hit=0.6234 soft_hit=0.6502 soft_temp=0.07 arg_mean=0.012077 soft_mean=0.011756 best_soft_hit=0.6502 wait=1/4 top=[{'name': 'latency_short_frenet_best_085', 'count': 674}, {'name': 'frenet_par110_perp_neg020', 'count': 170}, {'name': 'latency_long_frenet_best_115', 'count': 166}, {'name': 'frenet_fast_par100', 'count': 137}]
GAUGE model=attn_gru fold=2 stage=finetune epoch=5/5 loss=3.12709 arg_hit=0.6214 soft_hit=0.6502 soft_temp=0.07 arg_mean=0.012112 soft_mean=0.011761 best_soft_hit=0.6502 wait=2/4 top=[{'name': 'latency_short_frenet_best_085', 'count': 694}, {'name': 'latency_long_frenet_best_115', 'count': 168}, {'name': 'frenet_par110_perp_neg020', 'count': 166}, {'name': 'jerk_small_neg', 'count': 140}]
FOLD_START model=attn_gru fold=3/5 train_pre=210054 pre_eff=194300.0 norm=real train_fine=8079 val=1921 oracle_hit=0.7215 prior_top=[{'name': 'frenet_par120_perp_neg020', 'count': 1921}]
GAUGE model=attn_gru fold=3 stage=pretrain epoch=1/10 loss=3.53956 arg_hit=0.6366 soft_hit=0.6361 soft_temp=0.03 arg_mean=0.012288 soft_mean=0.012278 best_soft_hit=0.6361 wait=0/4 top=[{'name': 'frenet_par120_perp_neg020', 'count': 1072}, {'name': 'frenet_par110_perp_neg020', 'count': 216}, {'name': 'acc_2d1_056', 'count': 215}, {'name': 'jerk_small_neg', 'count': 137}]
GAUGE model=attn_gru fold=3 stage=pretrain epoch=2/10 loss=3.51020 arg_hit=0.6387 soft_hit=0.6419 soft_temp=0.03 arg_mean=0.012199 soft_mean=0.012114 best_soft_hit=0.6419 wait=0/4 top=[{'name': 'frenet_par120_perp_neg020', 'count': 539}, {'name': 'frenet_fast_par120_perp_neg020', 'count': 373}, {'name': 'frenet_par110_perp_neg020', 'count': 291}, {'name': 'latency_short_frenet_best_085', 'count': 243}]
GAUGE model=attn_gru fold=3 stage=pretrain epoch=3/10 loss=3.55536 arg_hit=0.6387 soft_hit=0.6465 soft_temp=0.03 arg_mean=0.012222 soft_mean=0.012093 best_soft_hit=0.6465 wait=0/4 top=[{'name': 'frenet_par120_perp_neg020', 'count': 378}, {'name': 'latency_short_frenet_best_085', 'count': 347}, {'name': 'acc_2d1_060', 'count': 275}, {'name': 'frenet_par110_perp_neg020', 'count': 270}]
GAUGE model=attn_gru fold=3 stage=pretrain epoch=4/10 loss=3.41988 arg_hit=0.6361 soft_hit=0.6517 soft_temp=0.03 arg_mean=0.012204 soft_mean=0.012051 best_soft_hit=0.6517 wait=0/4 top=[{'name': 'frenet_par120_perp_neg020', 'count': 451}, {'name': 'latency_short_frenet_best_085', 'count': 324}, {'name': 'acc_2d1_060', 'count': 265}, {'name': 'frenet_par110_perp_neg020', 'count': 263}]
GAUGE model=attn_gru fold=3 stage=pretrain epoch=5/10 loss=3.40643 arg_hit=0.6351 soft_hit=0.6491 soft_temp=0.03 arg_mean=0.012168 soft_mean=0.012051 best_soft_hit=0.6517 wait=1/4 top=[{'name': 'frenet_par120_perp_neg020', 'count': 409}, {'name': 'latency_short_frenet_best_085', 'count': 313}, {'name': 'acc_2d1_060', 'count': 294}, {'name': 'frenet_par110_perp_neg020', 'count': 262}]
GAUGE model=attn_gru fold=3 stage=pretrain epoch=6/10 loss=3.40149 arg_hit=0.6340 soft_hit=0.6481 soft_temp=0.05 arg_mean=0.012208 soft_mean=0.011990 best_soft_hit=0.6517 wait=2/4 top=[{'name': 'latency_short_frenet_best_085', 'count': 422}, {'name': 'acc_2d1_060', 'count': 290}, {'name': 'frenet_par120_perp_neg020', 'count': 279}, {'name': 'frenet_par110_perp_neg020', 'count': 222}]
GAUGE model=attn_gru fold=3 stage=pretrain epoch=7/10 loss=3.36691 arg_hit=0.6356 soft_hit=0.6512 soft_temp=0.05 arg_mean=0.012160 soft_mean=0.011980 best_soft_hit=0.6517 wait=3/4 top=[{'name': 'latency_short_frenet_best_085', 'count': 367}, {'name': 'frenet_par120_perp_neg020', 'count': 332}, {'name': 'frenet_par110_perp_neg020', 'count': 233}, {'name': 'acc_2d1_060', 'count': 212}]
GAUGE model=attn_gru fold=3 stage=pretrain epoch=8/10 loss=3.39216 arg_hit=0.6340 soft_hit=0.6533 soft_temp=0.05 arg_mean=0.012227 soft_mean=0.011968 best_soft_hit=0.6533 wait=0/4 top=[{'name': 'latency_short_frenet_best_085', 'count': 423}, {'name': 'frenet_par120_perp_neg020', 'count': 267}, {'name': 'acc_2d1_060', 'count': 230}, {'name': 'frenet_par110_perp_neg020', 'count': 193}]
GAUGE model=attn_gru fold=3 stage=pretrain epoch=9/10 loss=3.37090 arg_hit=0.6351 soft_hit=0.6491 soft_temp=0.05 arg_mean=0.012230 soft_mean=0.011969 best_soft_hit=0.6533 wait=1/4 top=[{'name': 'latency_short_frenet_best_085', 'count': 452}, {'name': 'frenet_par120_perp_neg020', 'count': 239}, {'name': 'acc_2d1_060', 'count': 233}, {'name': 'frenet_par110_perp_neg020', 'count': 231}]
GAUGE model=attn_gru fold=3 stage=pretrain epoch=10/10 loss=3.39873 arg_hit=0.6361 soft_hit=0.6528 soft_temp=0.05 arg_mean=0.012194 soft_mean=0.011960 best_soft_hit=0.6533 wait=2/4 top=[{'name': 'latency_short_frenet_best_085', 'count': 393}, {'name': 'acc_2d1_060', 'count': 239}, {'name': 'latency_long_frenet_best_115', 'count': 230}, {'name': 'frenet_par110_perp_neg020', 'count': 207}]
GAUGE model=attn_gru fold=3 stage=finetune_head epoch=1/3 loss=3.14190 arg_hit=0.6340 soft_hit=0.6523 soft_temp=0.05 arg_mean=0.012218 soft_mean=0.011969 best_soft_hit=0.6523 wait=0/4 top=[{'name': 'latency_short_frenet_best_085', 'count': 447}, {'name': 'frenet_par120_perp_neg020', 'count': 249}, {'name': 'acc_2d1_060', 'count': 234}, {'name': 'latency_long_frenet_best_115', 'count': 190}]
GAUGE model=attn_gru fold=3 stage=finetune_head epoch=2/3 loss=3.13946 arg_hit=0.6320 soft_hit=0.6512 soft_temp=0.05 arg_mean=0.012247 soft_mean=0.011970 best_soft_hit=0.6523 wait=1/4 top=[{'name': 'latency_short_frenet_best_085', 'count': 476}, {'name': 'frenet_par120_perp_neg020', 'count': 232}, {'name': 'acc_2d1_060', 'count': 225}, {'name': 'latency_long_frenet_best_115', 'count': 197}]
GAUGE model=attn_gru fold=3 stage=finetune_head epoch=3/3 loss=3.13701 arg_hit=0.6299 soft_hit=0.6512 soft_temp=0.05 arg_mean=0.012271 soft_mean=0.011973 best_soft_hit=0.6523 wait=2/4 top=[{'name': 'latency_short_frenet_best_085', 'count': 501}, {'name': 'acc_2d1_060', 'count': 220}, {'name': 'latency_long_frenet_best_115', 'count': 208}, {'name': 'frenet_par120_perp_neg020', 'count': 202}]
GAUGE model=attn_gru fold=3 stage=finetune epoch=1/5 loss=3.13916 arg_hit=0.6320 soft_hit=0.6512 soft_temp=0.05 arg_mean=0.012247 soft_mean=0.011971 best_soft_hit=0.6512 wait=0/4 top=[{'name': 'latency_short_frenet_best_085', 'count': 473}, {'name': 'frenet_par120_perp_neg020', 'count': 233}, {'name': 'acc_2d1_060', 'count': 220}, {'name': 'latency_long_frenet_best_115', 'count': 192}]
GAUGE model=attn_gru fold=3 stage=finetune epoch=2/5 loss=3.13635 arg_hit=0.6309 soft_hit=0.6507 soft_temp=0.07 arg_mean=0.012261 soft_mean=0.011965 best_soft_hit=0.6512 wait=1/4 top=[{'name': 'latency_short_frenet_best_085', 'count': 497}, {'name': 'acc_2d1_060', 'count': 205}, {'name': 'frenet_par120_perp_neg020', 'count': 201}, {'name': 'latency_long_frenet_best_115', 'count': 197}]
GAUGE model=attn_gru fold=3 stage=finetune epoch=3/5 loss=3.13377 arg_hit=0.6294 soft_hit=0.6512 soft_temp=0.07 arg_mean=0.012276 soft_mean=0.011966 best_soft_hit=0.6512 wait=2/4 top=[{'name': 'latency_short_frenet_best_085', 'count': 521}, {'name': 'latency_long_frenet_best_115', 'count': 204}, {'name': 'acc_2d1_060', 'count': 199}, {'name': 'frenet_par120_perp_neg020', 'count': 182}]
GAUGE model=attn_gru fold=3 stage=finetune epoch=4/5 loss=3.13119 arg_hit=0.6288 soft_hit=0.6497 soft_temp=0.07 arg_mean=0.012297 soft_mean=0.011968 best_soft_hit=0.6512 wait=3/4 top=[{'name': 'latency_short_frenet_best_085', 'count': 537}, {'name': 'latency_long_frenet_best_115', 'count': 208}, {'name': 'acc_2d1_060', 'count': 191}, {'name': 'frenet_par120_perp_neg020', 'count': 174}]
GAUGE model=attn_gru fold=3 stage=finetune epoch=5/5 loss=3.12850 arg_hit=0.6268 soft_hit=0.6491 soft_temp=0.05 arg_mean=0.012312 soft_mean=0.011990 best_soft_hit=0.6512 wait=4/4 top=[{'name': 'latency_short_frenet_best_085', 'count': 558}, {'name': 'latency_long_frenet_best_115', 'count': 208}, {'name': 'acc_2d1_060', 'count': 183}, {'name': 'frenet_par110_perp_neg020', 'count': 170}]
EARLY_STOP model=attn_gru fold=3 stage=finetune epoch=5 best_soft_hit=0.6512
FOLD_START model=attn_gru fold=4/5 train_pre=207480 pre_eff=191919.0 norm=real train_fine=7980 val=2020 oracle_hit=0.7238 prior_top=[{'name': 'frenet_best', 'count': 2020}]
GAUGE model=attn_gru fold=4 stage=pretrain epoch=1/10 loss=3.55686 arg_hit=0.6292 soft_hit=0.6366 soft_temp=0.05 arg_mean=0.012192 soft_mean=0.012162 best_soft_hit=0.6366 wait=0/4 top=[{'name': 'frenet_par120_perp_neg020', 'count': 1064}, {'name': 'frenet_par110_perp_neg020', 'count': 204}, {'name': 'acc_2d1_056', 'count': 187}, {'name': 'p0_2d1', 'count': 115}]
GAUGE model=attn_gru fold=4 stage=pretrain epoch=2/10 loss=3.49680 arg_hit=0.6307 soft_hit=0.6421 soft_temp=0.1 arg_mean=0.012125 soft_mean=0.011998 best_soft_hit=0.6421 wait=0/4 top=[{'name': 'frenet_par120_perp_neg020', 'count': 509}, {'name': 'latency_short_frenet_best_085', 'count': 421}, {'name': 'frenet_fast_par120_perp_neg020', 'count': 261}, {'name': 'frenet_par110_perp_neg020', 'count': 228}]
GAUGE model=attn_gru fold=4 stage=pretrain epoch=3/10 loss=3.51245 arg_hit=0.6376 soft_hit=0.6446 soft_temp=0.1 arg_mean=0.012005 soft_mean=0.011934 best_soft_hit=0.6446 wait=0/4 top=[{'name': 'frenet_par120_perp_neg020', 'count': 493}, {'name': 'latency_short_frenet_best_085', 'count': 359}, {'name': 'acc_2d1_060', 'count': 262}, {'name': 'frenet_fast_par120_perp_neg020', 'count': 262}]
GAUGE model=attn_gru fold=4 stage=pretrain epoch=4/10 loss=3.44950 arg_hit=0.6312 soft_hit=0.6470 soft_temp=0.03 arg_mean=0.012070 soft_mean=0.011884 best_soft_hit=0.6470 wait=0/4 top=[{'name': 'latency_short_frenet_best_085', 'count': 429}, {'name': 'frenet_par120_perp_neg020', 'count': 343}, {'name': 'acc_2d1_060', 'count': 338}, {'name': 'frenet_par110_perp_neg020', 'count': 262}]
GAUGE model=attn_gru fold=4 stage=pretrain epoch=5/10 loss=3.46166 arg_hit=0.6351 soft_hit=0.6510 soft_temp=0.03 arg_mean=0.012026 soft_mean=0.011878 best_soft_hit=0.6510 wait=0/4 top=[{'name': 'latency_short_frenet_best_085', 'count': 428}, {'name': 'frenet_par120_perp_neg020', 'count': 370}, {'name': 'frenet_par110_perp_neg020', 'count': 271}, {'name': 'acc_2d1_060', 'count': 189}]
GAUGE model=attn_gru fold=4 stage=pretrain epoch=6/10 loss=3.40216 arg_hit=0.6297 soft_hit=0.6480 soft_temp=0.05 arg_mean=0.012054 soft_mean=0.011855 best_soft_hit=0.6510 wait=1/4 top=[{'name': 'latency_short_frenet_best_085', 'count': 501}, {'name': 'frenet_par120_perp_neg020', 'count': 277}, {'name': 'frenet_par110_perp_neg020', 'count': 241}, {'name': 'acc_2d1_060', 'count': 197}]
GAUGE model=attn_gru fold=4 stage=pretrain epoch=7/10 loss=3.35878 arg_hit=0.6401 soft_hit=0.6500 soft_temp=0.07 arg_mean=0.012065 soft_mean=0.011861 best_soft_hit=0.6510 wait=2/4 top=[{'name': 'latency_short_frenet_best_085', 'count': 382}, {'name': 'frenet_par120_perp_neg020', 'count': 312}, {'name': 'acc_2d1_060', 'count': 301}, {'name': 'frenet_par110_perp_neg020', 'count': 196}]
GAUGE model=attn_gru fold=4 stage=pretrain epoch=8/10 loss=3.52479 arg_hit=0.6391 soft_hit=0.6515 soft_temp=0.05 arg_mean=0.012028 soft_mean=0.011852 best_soft_hit=0.6515 wait=0/4 top=[{'name': 'latency_short_frenet_best_085', 'count': 409}, {'name': 'acc_2d1_060', 'count': 232}, {'name': 'frenet_par120_perp_neg020', 'count': 217}, {'name': 'frenet_par110_perp_neg020', 'count': 176}]
GAUGE model=attn_gru fold=4 stage=pretrain epoch=9/10 loss=3.38068 arg_hit=0.6401 soft_hit=0.6535 soft_temp=0.03 arg_mean=0.012041 soft_mean=0.011862 best_soft_hit=0.6535 wait=0/4 top=[{'name': 'latency_short_frenet_best_085', 'count': 386}, {'name': 'acc_2d1_060', 'count': 303}, {'name': 'latency_long_frenet_best_108', 'count': 187}, {'name': 'latency_long_frenet_best_115', 'count': 180}]
GAUGE model=attn_gru fold=4 stage=pretrain epoch=10/10 loss=3.33810 arg_hit=0.6376 soft_hit=0.6515 soft_temp=0.07 arg_mean=0.012080 soft_mean=0.011844 best_soft_hit=0.6535 wait=1/4 top=[{'name': 'latency_short_frenet_best_085', 'count': 371}, {'name': 'acc_2d1_060', 'count': 300}, {'name': 'latency_long_frenet_best_115', 'count': 230}, {'name': 'latency_long_frenet_best_108', 'count': 172}]
GAUGE model=attn_gru fold=4 stage=finetune_head epoch=1/3 loss=3.14794 arg_hit=0.6386 soft_hit=0.6515 soft_temp=0.03 arg_mean=0.012047 soft_mean=0.011861 best_soft_hit=0.6515 wait=0/4 top=[{'name': 'latency_short_frenet_best_085', 'count': 410}, {'name': 'acc_2d1_060', 'count': 304}, {'name': 'latency_long_frenet_best_115', 'count': 187}, {'name': 'latency_long_frenet_best_108', 'count': 177}]
GAUGE model=attn_gru fold=4 stage=finetune_head epoch=2/3 loss=3.14557 arg_hit=0.6371 soft_hit=0.6510 soft_temp=0.03 arg_mean=0.012033 soft_mean=0.011863 best_soft_hit=0.6515 wait=1/4 top=[{'name': 'latency_short_frenet_best_085', 'count': 440}, {'name': 'acc_2d1_060', 'count': 300}, {'name': 'latency_long_frenet_best_115', 'count': 189}, {'name': 'latency_long_frenet_best_108', 'count': 165}]
GAUGE model=attn_gru fold=4 stage=finetune_head epoch=3/3 loss=3.14331 arg_hit=0.6381 soft_hit=0.6505 soft_temp=0.07 arg_mean=0.012039 soft_mean=0.011824 best_soft_hit=0.6515 wait=2/4 top=[{'name': 'latency_short_frenet_best_085', 'count': 470}, {'name': 'acc_2d1_060', 'count': 294}, {'name': 'latency_long_frenet_best_115', 'count': 193}, {'name': 'jerk_small_neg', 'count': 167}]
GAUGE model=attn_gru fold=4 stage=finetune epoch=1/5 loss=3.14517 arg_hit=0.6371 soft_hit=0.6510 soft_temp=0.03 arg_mean=0.012026 soft_mean=0.011863 best_soft_hit=0.6510 wait=0/4 top=[{'name': 'latency_short_frenet_best_085', 'count': 429}, {'name': 'acc_2d1_060', 'count': 291}, {'name': 'latency_long_frenet_best_115', 'count': 187}, {'name': 'latency_long_frenet_best_108', 'count': 168}]
GAUGE model=attn_gru fold=4 stage=finetune epoch=2/5 loss=3.14177 arg_hit=0.6361 soft_hit=0.6510 soft_temp=0.07 arg_mean=0.012021 soft_mean=0.011824 best_soft_hit=0.6510 wait=1/4 top=[{'name': 'latency_short_frenet_best_085', 'count': 458}, {'name': 'acc_2d1_060', 'count': 266}, {'name': 'latency_long_frenet_best_115', 'count': 186}, {'name': 'frenet_par110_perp_neg020', 'count': 163}]
GAUGE model=attn_gru fold=4 stage=finetune epoch=3/5 loss=3.13888 arg_hit=0.6371 soft_hit=0.6525 soft_temp=0.07 arg_mean=0.012028 soft_mean=0.011822 best_soft_hit=0.6525 wait=0/4 top=[{'name': 'latency_short_frenet_best_085', 'count': 480}, {'name': 'acc_2d1_060', 'count': 251}, {'name': 'latency_long_frenet_best_115', 'count': 187}, {'name': 'jerk_small_neg', 'count': 173}]
GAUGE model=attn_gru fold=4 stage=finetune epoch=4/5 loss=3.13647 arg_hit=0.6356 soft_hit=0.6515 soft_temp=0.07 arg_mean=0.012052 soft_mean=0.011822 best_soft_hit=0.6525 wait=1/4 top=[{'name': 'latency_short_frenet_best_085', 'count': 501}, {'name': 'acc_2d1_060', 'count': 234}, {'name': 'latency_long_frenet_best_115', 'count': 193}, {'name': 'jerk_small_neg', 'count': 192}]
GAUGE model=attn_gru fold=4 stage=finetune epoch=5/5 loss=3.13376 arg_hit=0.6351 soft_hit=0.6520 soft_temp=0.07 arg_mean=0.012051 soft_mean=0.011822 best_soft_hit=0.6525 wait=2/4 top=[{'name': 'latency_short_frenet_best_085', 'count': 522}, {'name': 'acc_2d1_060', 'count': 228}, {'name': 'jerk_small_neg', 'count': 202}, {'name': 'latency_long_frenet_best_115', 'count': 196}]
FINETUNE_ROLLBACK model=attn_gru fold=4 pre_soft_hit=0.6500 fine_soft_hit=0.6485
FOLD_START model=attn_gru fold=5/5 train_pre=208208 pre_eff=192592.4 norm=real train_fine=8008 val=1992 oracle_hit=0.7113 prior_top=[{'name': 'frenet_par120_perp_neg020', 'count': 1992}]
GAUGE model=attn_gru fold=5 stage=pretrain epoch=1/10 loss=3.57950 arg_hit=0.6140 soft_hit=0.6230 soft_temp=0.03 arg_mean=0.012727 soft_mean=0.012650 best_soft_hit=0.6230 wait=0/4 top=[{'name': 'frenet_par120_perp_neg020', 'count': 928}, {'name': 'frenet_par110_perp_neg020', 'count': 224}, {'name': 'jerk_small_neg', 'count': 173}, {'name': 'acc_2d1_056', 'count': 142}]
GAUGE model=attn_gru fold=5 stage=pretrain epoch=2/10 loss=3.53406 arg_hit=0.6185 soft_hit=0.6340 soft_temp=0.15 arg_mean=0.012682 soft_mean=0.012591 best_soft_hit=0.6340 wait=0/4 top=[{'name': 'frenet_fast_par120_perp_neg020', 'count': 615}, {'name': 'frenet_par120_perp_neg020', 'count': 436}, {'name': 'latency_short_frenet_best_085', 'count': 284}, {'name': 'acc_2d1_060', 'count': 233}]
GAUGE model=attn_gru fold=5 stage=pretrain epoch=3/10 loss=3.44461 arg_hit=0.6175 soft_hit=0.6360 soft_temp=0.1 arg_mean=0.012599 soft_mean=0.012459 best_soft_hit=0.6360 wait=0/4 top=[{'name': 'frenet_par120_perp_neg020', 'count': 423}, {'name': 'latency_short_frenet_best_085', 'count': 420}, {'name': 'frenet_par110_perp_neg020', 'count': 319}, {'name': 'frenet_fast_par120_perp_neg020', 'count': 227}]
GAUGE model=attn_gru fold=5 stage=pretrain epoch=4/10 loss=3.42447 arg_hit=0.6205 soft_hit=0.6365 soft_temp=0.07 arg_mean=0.012528 soft_mean=0.012372 best_soft_hit=0.6365 wait=0/4 top=[{'name': 'latency_short_frenet_best_085', 'count': 435}, {'name': 'frenet_par110_perp_neg020', 'count': 320}, {'name': 'frenet_par120_perp_neg020', 'count': 320}, {'name': 'acc_2d1_060', 'count': 148}]
GAUGE model=attn_gru fold=5 stage=pretrain epoch=5/10 loss=3.41094 arg_hit=0.6165 soft_hit=0.6370 soft_temp=0.15 arg_mean=0.012587 soft_mean=0.012458 best_soft_hit=0.6370 wait=0/4 top=[{'name': 'latency_short_frenet_best_085', 'count': 462}, {'name': 'frenet_par110_perp_neg020', 'count': 300}, {'name': 'acc_2d1_060', 'count': 203}, {'name': 'frenet_par120_perp_neg020', 'count': 163}]
GAUGE model=attn_gru fold=5 stage=pretrain epoch=6/10 loss=3.39098 arg_hit=0.6235 soft_hit=0.6406 soft_temp=0.07 arg_mean=0.012469 soft_mean=0.012289 best_soft_hit=0.6406 wait=0/4 top=[{'name': 'latency_short_frenet_best_085', 'count': 507}, {'name': 'frenet_par110_perp_neg020', 'count': 277}, {'name': 'frenet_par120_perp_neg020', 'count': 201}, {'name': 'frenet_fast_par120_perp_neg020', 'count': 154}]
GAUGE model=attn_gru fold=5 stage=pretrain epoch=7/10 loss=3.43389 arg_hit=0.6124 soft_hit=0.6381 soft_temp=0.1 arg_mean=0.012644 soft_mean=0.012323 best_soft_hit=0.6406 wait=1/4 top=[{'name': 'latency_short_frenet_best_085', 'count': 615}, {'name': 'frenet_par110_perp_neg020', 'count': 298}, {'name': 'jerk_small_neg', 'count': 190}, {'name': 'latency_long_frenet_best_115', 'count': 162}]
GAUGE model=attn_gru fold=5 stage=pretrain epoch=8/10 loss=3.36076 arg_hit=0.6190 soft_hit=0.6426 soft_temp=0.07 arg_mean=0.012521 soft_mean=0.012272 best_soft_hit=0.6426 wait=0/4 top=[{'name': 'latency_short_frenet_best_085', 'count': 477}, {'name': 'latency_long_frenet_best_115', 'count': 227}, {'name': 'frenet_par110_perp_neg020', 'count': 166}, {'name': 'acc_2d1_060', 'count': 162}]
GAUGE model=attn_gru fold=5 stage=pretrain epoch=9/10 loss=3.37575 arg_hit=0.6270 soft_hit=0.6426 soft_temp=0.07 arg_mean=0.012505 soft_mean=0.012252 best_soft_hit=0.6426 wait=1/4 top=[{'name': 'latency_short_frenet_best_085', 'count': 529}, {'name': 'latency_long_frenet_best_115', 'count': 238}, {'name': 'frenet_par110_perp_neg020', 'count': 217}, {'name': 'frenet_par100_perp_neg010', 'count': 159}]
GAUGE model=attn_gru fold=5 stage=pretrain epoch=10/10 loss=3.34117 arg_hit=0.6260 soft_hit=0.6431 soft_temp=0.07 arg_mean=0.012470 soft_mean=0.012259 best_soft_hit=0.6431 wait=0/4 top=[{'name': 'latency_short_frenet_best_085', 'count': 508}, {'name': 'frenet_par110_perp_neg020', 'count': 227}, {'name': 'latency_long_frenet_best_115', 'count': 213}, {'name': 'acc_2d1_060', 'count': 159}]
GAUGE model=attn_gru fold=5 stage=finetune_head epoch=1/3 loss=3.13665 arg_hit=0.6245 soft_hit=0.6431 soft_temp=0.07 arg_mean=0.012470 soft_mean=0.012257 best_soft_hit=0.6431 wait=0/4 top=[{'name': 'latency_short_frenet_best_085', 'count': 525}, {'name': 'frenet_par110_perp_neg020', 'count': 218}, {'name': 'latency_long_frenet_best_115', 'count': 218}, {'name': 'acc_2d1_060', 'count': 156}]
GAUGE model=attn_gru fold=5 stage=finetune_head epoch=2/3 loss=3.13494 arg_hit=0.6230 soft_hit=0.6411 soft_temp=0.07 arg_mean=0.012497 soft_mean=0.012255 best_soft_hit=0.6431 wait=1/4 top=[{'name': 'latency_short_frenet_best_085', 'count': 556}, {'name': 'latency_long_frenet_best_115', 'count': 221}, {'name': 'frenet_par110_perp_neg020', 'count': 210}, {'name': 'acc_2d1_060', 'count': 152}]
GAUGE model=attn_gru fold=5 stage=finetune_head epoch=3/3 loss=3.13189 arg_hit=0.6225 soft_hit=0.6411 soft_temp=0.07 arg_mean=0.012518 soft_mean=0.012255 best_soft_hit=0.6431 wait=2/4 top=[{'name': 'latency_short_frenet_best_085', 'count': 578}, {'name': 'latency_long_frenet_best_115', 'count': 225}, {'name': 'frenet_par110_perp_neg020', 'count': 203}, {'name': 'acc_2d1_060', 'count': 141}]
GAUGE model=attn_gru fold=5 stage=finetune epoch=1/5 loss=3.13422 arg_hit=0.6220 soft_hit=0.6411 soft_temp=0.07 arg_mean=0.012501 soft_mean=0.012256 best_soft_hit=0.6411 wait=0/4 top=[{'name': 'latency_short_frenet_best_085', 'count': 555}, {'name': 'latency_long_frenet_best_115', 'count': 219}, {'name': 'frenet_par110_perp_neg020', 'count': 207}, {'name': 'acc_2d1_060', 'count': 145}]
GAUGE model=attn_gru fold=5 stage=finetune epoch=2/5 loss=3.13119 arg_hit=0.6200 soft_hit=0.6411 soft_temp=0.1 arg_mean=0.012539 soft_mean=0.012282 best_soft_hit=0.6411 wait=1/4 top=[{'name': 'latency_short_frenet_best_085', 'count': 578}, {'name': 'latency_long_frenet_best_115', 'count': 220}, {'name': 'frenet_par110_perp_neg020', 'count': 199}, {'name': 'acc_2d1_060', 'count': 139}]
GAUGE model=attn_gru fold=5 stage=finetune epoch=3/5 loss=3.12871 arg_hit=0.6185 soft_hit=0.6416 soft_temp=0.1 arg_mean=0.012578 soft_mean=0.012280 best_soft_hit=0.6416 wait=0/4 top=[{'name': 'latency_short_frenet_best_085', 'count': 610}, {'name': 'latency_long_frenet_best_115', 'count': 220}, {'name': 'frenet_par110_perp_neg020', 'count': 186}, {'name': 'acc_2d1_056', 'count': 141}]
GAUGE model=attn_gru fold=5 stage=finetune epoch=4/5 loss=3.12527 arg_hit=0.6170 soft_hit=0.6421 soft_temp=0.1 arg_mean=0.012604 soft_mean=0.012279 best_soft_hit=0.6421 wait=0/4 top=[{'name': 'latency_short_frenet_best_085', 'count': 631}, {'name': 'latency_long_frenet_best_115', 'count': 224}, {'name': 'frenet_par110_perp_neg020', 'count': 184}, {'name': 'acc_2d1_056', 'count': 145}]
GAUGE model=attn_gru fold=5 stage=finetune epoch=5/5 loss=3.12373 arg_hit=0.6150 soft_hit=0.6406 soft_temp=0.1 arg_mean=0.012634 soft_mean=0.012280 best_soft_hit=0.6421 wait=1/4 top=[{'name': 'latency_short_frenet_best_085', 'count': 653}, {'name': 'latency_long_frenet_best_115', 'count': 226}, {'name': 'frenet_par110_perp_neg020', 'count': 179}, {'name': 'acc_2d1_056', 'count': 141}]
{
  "root": "/workspace/daycon-muflight/data",
  "out_dir": "/workspace/daycon-muflight/runs/baseline/G001_sanity-27",
  "device": "cuda:1",
  "candidate_names": [
    "p0_2d1",
    "acc_2d1_040",
    "acc_2d1_050",
    "acc_2d1_056",
    "acc_2d1_060",
    "frenet_best",
    "frenet_par090_perp000",
    "frenet_par100_perp000",
    "frenet_par100_perp_neg010",
    "frenet_par090_perp020",
    "frenet_par080_perp020",
    "frenet_par110_perp_neg020",
    "frenet_fast_par100",
    "frenet_slow_par100",
    "jerk_small_pos",
    "jerk_small_neg",
    "frenet_par070_perp_neg020",
    "frenet_par120_perp_neg020",
    "frenet_par120_perp020",
    "frenet_fast_par120_perp_neg020",
    "frenet_slow_par070_perp020",
    "latency_short_frenet_best_085",
    "latency_short_frenet_best_092",
    "latency_long_frenet_best_108",
    "latency_long_frenet_best_115",
    "latency_long_turn_neg_110",
    "latency_short_turn_pos_090"
  ],
  "family_names": [
    "base",
    "acc",
    "frenet",
    "turn",
    "jerk",
    "latency"
  ],
  "candidate_family": {
    "p0_2d1": "base",
    "acc_2d1_040": "acc",
    "acc_2d1_050": "acc",
    "acc_2d1_056": "acc",
    "acc_2d1_060": "acc",
    "frenet_best": "frenet",
    "frenet_par090_perp000": "turn",
    "frenet_par100_perp000": "turn",
    "frenet_par100_perp_neg010": "turn",
    "frenet_par090_perp020": "turn",
    "frenet_par080_perp020": "turn",
    "frenet_par110_perp_neg020": "turn",
    "frenet_fast_par100": "turn",
    "frenet_slow_par100": "turn",
    "jerk_small_pos": "jerk",
    "jerk_small_neg": "jerk",
    "frenet_par070_perp_neg020": "turn",
    "frenet_par120_perp_neg020": "turn",
    "frenet_par120_perp020": "turn",
    "frenet_fast_par120_perp_neg020": "turn",
    "frenet_slow_par070_perp020": "turn",
    "latency_short_frenet_best_085": "latency",
    "latency_short_frenet_best_092": "latency",
    "latency_long_frenet_best_108": "latency",
    "latency_long_frenet_best_115": "latency",
    "latency_long_turn_neg_110": "latency",
    "latency_short_turn_pos_090": "latency"
  },
  "hier_family_gate": false,
  "family_gate_scale": 1.0,
  "latent_env_experts": 1,
  "latent_physics_adapter": false,
  "latent_physics_coeff_scale": 0.85,
  "final_repeat": 1,
  "include_late_fine": false,
  "fine_ensemble": false,
  "fine_branch_scales": [
    0.65,
    1.0,
    1.45
  ],
  "fine_branch_weight_powers": [
    0.75,
    1.0,
    1.35
  ],
  "include_pre_branch": false,
  "candidate_metrics": {
    "p0_2d1": {
      "hit": 0.5787,
      "hits": 5787,
      "mean": 0.012940611690282822,
      "q50": 0.008324827998876572,
      "q75": 0.013364028185606003,
      "q90": 0.026507442817091942,
      "q95": 0.04479984566569328,
      "q99": 0.09399053454399109
    },
    "acc_2d1_040": {
      "hit": 0.5976,
      "hits": 5976,
      "mean": 0.012841712683439255,
      "q50": 0.00814291462302208,
      "q75": 0.013236502185463905,
      "q90": 0.02678675204515457,
      "q95": 0.044401444494724274,
      "q99": 0.093540258705616
    },
    "acc_2d1_050": {
      "hit": 0.5993,
      "hits": 5993,
      "mean": 0.012895196676254272,
      "q50": 0.008124570362269878,
      "q75": 0.013287471607327461,
      "q90": 0.026857346296310425,
      "q95": 0.0446605421602726,
      "q99": 0.09219923615455627
    },
    "acc_2d1_056": {
      "hit": 0.6008,
      "hits": 6008,
      "mean": 0.012886663898825645,
      "q50": 0.00817825086414814,
      "q75": 0.013326735235750675,
      "q90": 0.027070235460996628,
      "q95": 0.04442558065056801,
      "q99": 0.09244140237569809
    },
    "acc_2d1_060": {
      "hit": 0.6008,
      "hits": 6008,
      "mean": 0.012977389618754387,
      "q50": 0.008157627657055855,
      "q75": 0.013418221846222878,
      "q90": 0.027342818677425385,
      "q95": 0.044838931411504745,
      "q99": 0.09297627210617065
    },
    "frenet_best": {
      "hit": 0.6296,
      "hits": 6296,
      "mean": 0.012917410582304,
      "q50": 0.007665916346013546,
      "q75": 0.012897421605885029,
      "q90": 0.02844151295721531,
      "q95": 0.04863673076033592,
      "q99": 0.09651075303554535
    },
    "frenet_par090_perp000": {
      "hit": 0.6259,
      "hits": 6259,
      "mean": 0.012860042974352837,
      "q50": 0.007694440893828869,
      "q75": 0.012913782149553299,
      "q90": 0.028217636048793793,
      "q95": 0.04789809137582779,
      "q99": 0.09574000537395477
    },
    "frenet_par100_perp000": {
      "hit": 0.6283,
      "hits": 6283,
      "mean": 0.012899719178676605,
      "q50": 0.007621521130204201,
      "q75": 0.012882079929113388,
      "q90": 0.028485378250479698,
      "q95": 0.04880132898688316,
      "q99": 0.09644334763288498
    },
    "frenet_par100_perp_neg010": {
      "hit": 0.6276,
      "hits": 6276,
      "mean": 0.013017149642109871,
      "q50": 0.007628136780112982,
      "q75": 0.01296584028750658,
      "q90": 0.028835348784923553,
      "q95": 0.04963535815477371,
      "q99": 0.09775781631469727
    },
    "frenet_par090_perp020": {
      "hit": 0.6241,
      "hits": 6241,
      "mean": 0.012792334891855717,
      "q50": 0.007783533073961735,
      "q75": 0.012868602760136127,
      "q90": 0.027686038985848427,
      "q95": 0.047029945999383926,
      "q99": 0.09529924392700195
    },
    "frenet_par080_perp020": {
      "hit": 0.615,
      "hits": 6150,
      "mean": 0.012960482388734818,
      "q50": 0.007876548916101456,
      "q75": 0.013094148598611355,
      "q90": 0.02796538546681404,
      "q95": 0.04718061164021492,
      "q99": 0.09630007296800613
    },
    "frenet_par110_perp_neg020": {
      "hit": 0.6284,
      "hits": 6284,
      "mean": 0.01300755050033331,
      "q50": 0.007649529725313187,
      "q75": 0.012860982678830624,
      "q90": 0.028533415868878365,
      "q95": 0.05024345964193344,
      "q99": 0.09626592695713043
    },
    "frenet_fast_par100": {
      "hit": 0.6078,
      "hits": 6078,
      "mean": 0.013435110449790955,
      "q50": 0.007889569737017155,
      "q75": 0.013398224487900734,
      "q90": 0.029589340090751648,
      "q95": 0.05087915435433388,
      "q99": 0.09911885112524033
    },
    "frenet_slow_par100": {
      "hit": 0.6096,
      "hits": 6096,
      "mean": 0.012978369370102882,
      "q50": 0.007992126047611237,
      "q75": 0.013025947846472263,
      "q90": 0.027727002277970314,
      "q95": 0.04766269773244858,
      "q99": 0.0949707105755806
    },
    "jerk_small_pos": {
      "hit": 0.6245,
      "hits": 6245,
      "mean": 0.01280124019831419,
      "q50": 0.007709826342761517,
      "q75": 0.012829868122935295,
      "q90": 0.02796880528330803,
      "q95": 0.047345783561468124,
      "q99": 0.0951463058590889
    },
    "jerk_small_neg": {
      "hit": 0.6184,
      "hits": 6184,
      "mean": 0.012934890575706959,
      "q50": 0.007797428406774998,
      "q75": 0.01301543042063713,
      "q90": 0.028154784813523293,
      "q95": 0.047935400158166885,
      "q99": 0.09477393329143524
    },
    "frenet_par070_perp_neg020": {
      "hit": 0.6169,
      "hits": 6169,
      "mean": 0.012914997525513172,
      "q50": 0.007807290647178888,
      "q75": 0.012984419241547585,
      "q90": 0.027983099222183228,
      "q95": 0.047715604305267334,
      "q99": 0.09595683962106705
    },
    "frenet_par120_perp_neg020": {
      "hit": 0.632,
      "hits": 6320,
      "mean": 0.013105487450957298,
      "q50": 0.007495353929698467,
      "q75": 0.012937869876623154,
      "q90": 0.029398581013083458,
      "q95": 0.051637329161167145,
      "q99": 0.0984557718038559
    },
    "frenet_par120_perp020": {
      "hit": 0.628,
      "hits": 6280,
      "mean": 0.01296951249241829,
      "q50": 0.007567848078906536,
      "q75": 0.012836704030632973,
      "q90": 0.028885377570986748,
      "q95": 0.04959358274936676,
      "q99": 0.0979846715927124
    },
    "frenet_fast_par120_perp_neg020": {
      "hit": 0.5997,
      "hits": 5997,
      "mean": 0.013848390430212021,
      "q50": 0.008001870475709438,
      "q75": 0.01372114010155201,
      "q90": 0.030676215887069702,
      "q95": 0.05326594412326813,
      "q99": 0.10215502977371216
    },
    "frenet_slow_par070_perp020": {
      "hit": 0.5732,
      "hits": 5732,
      "mean": 0.013054482638835907,
      "q50": 0.008644445799291134,
      "q75": 0.01366918534040451,
      "q90": 0.026165051385760307,
      "q95": 0.04446528106927872,
      "q99": 0.09061256796121597
    },
    "latency_short_frenet_best_085": {
      "hit": 0.4525,
      "hits": 4525,
      "mean": 0.014922726899385452,
      "q50": 0.011043054051697254,
      "q75": 0.017741814255714417,
      "q90": 0.026544110849499702,
      "q95": 0.04387081786990166,
      "q99": 0.08669020235538483
    },
    "latency_short_frenet_best_092": {
      "hit": 0.5452,
      "hits": 5452,
      "mean": 0.013406991958618164,
      "q50": 0.009156232699751854,
      "q75": 0.014085465110838413,
      "q90": 0.026815596967935562,
      "q95": 0.0456419475376606,
      "q99": 0.09036597609519958
    },
    "latency_long_frenet_best_108": {
      "hit": 0.5567,
      "hits": 5567,
      "mean": 0.014467422850430012,
      "q50": 0.008886678144335747,
      "q75": 0.014599541202187538,
      "q90": 0.0310345645993948,
      "q95": 0.05318261310458183,
      "q99": 0.10236536711454391
    },
    "latency_long_frenet_best_115": {
      "hit": 0.4323,
      "hits": 4323,
      "mean": 0.016962874680757523,
      "q50": 0.011483007110655308,
      "q75": 0.018266482278704643,
      "q90": 0.03497908636927605,
      "q95": 0.0575670525431633,
      "q99": 0.10807359218597412
    },
    "latency_long_turn_neg_110": {
      "hit": 0.5173,
      "hits": 5173,
      "mean": 0.015358822420239449,
      "q50": 0.00968199037015438,
      "q75": 0.0156332328915596,
      "q90": 0.033260639756917953,
      "q95": 0.05621683970093727,
      "q99": 0.10649065673351288
    },
    "latency_short_turn_pos_090": {
      "hit": 0.5041,
      "hits": 5041,
      "mean": 0.013873583637177944,
      "q50": 0.009935718029737473,
      "q75": 0.015491246245801449,
      "q90": 0.02585352025926113,
      "q95": 0.04377012699842453,
      "q99": 0.08786025643348694
    }
  },
  "candidate_oracle_metrics": {
    "hit": 0.7188,
    "hits": 7188,
    "mean": 0.01035686768591404,
    "q50": 0.005620663054287434,
    "q75": 0.01077992469072342,
    "q90": 0.02252771332859993,
    "q95": 0.03954484686255455,
    "q99": 0.08519956469535828
  },
  "fold_rows": [
    {
      "fold": 1,
      "attn_gru_argmax": {
        "hit": 0.6396039603960396,
        "hits": 1292,
        "mean": 0.012080269865691662,
        "q50": 0.00731957983225584,
        "q75": 0.012519517913460732,
        "q90": 0.024459268897771835,
        "q95": 0.041545893996953964,
        "q99": 0.08821951597929001
      },
      "attn_gru_pre_loss_last": 3.312747844722153,
      "attn_gru_fine_loss_last": 3.1272634549248486,
      "attn_gru_pre_best_epoch": 10,
      "attn_gru_pre_best_hit": 0.6653465346534654,
      "attn_gru_fine_best_epoch": 1,
      "attn_gru_fine_best_hit": 0.6638613861386139,
      "oracle": {
        "hit": 0.7277227722772277,
        "hits": 1470,
        "mean": 0.010198942385613918,
        "q50": 0.005496259778738022,
        "q75": 0.01054512057453394,
        "q90": 0.022306540980935097,
        "q95": 0.038781650364398956,
        "q99": 0.08605937659740448
      },
      "ensemble_argmax": {
        "hit": 0.6396039603960396,
        "hits": 1292,
        "mean": 0.012080269865691662,
        "q50": 0.00731957983225584,
        "q75": 0.012519517913460732,
        "q90": 0.024459268897771835,
        "q95": 0.041545893996953964,
        "q99": 0.08821951597929001
      }
    },
    {
      "fold": 2,
      "attn_gru_argmax": {
        "hit": 0.6233512457254519,
        "hits": 1276,
        "mean": 0.012074215337634087,
        "q50": 0.007602198515087366,
        "q75": 0.013129280880093575,
        "q90": 0.02412647381424904,
        "q95": 0.037936020642519,
        "q99": 0.08694013208150864
      },
      "attn_gru_pre_loss_last": 3.332723572277034,
      "attn_gru_fine_loss_last": 3.1270864559661873,
      "attn_gru_pre_best_epoch": 8,
      "attn_gru_pre_best_hit": 0.6507083536883244,
      "attn_gru_fine_best_epoch": 3,
      "attn_gru_fine_best_hit": 0.6502198339032731,
      "oracle": {
        "hit": 0.709819247679531,
        "hits": 1453,
        "mean": 0.010207927785813808,
        "q50": 0.005608251318335533,
        "q75": 0.010935397818684578,
        "q90": 0.022127505391836166,
        "q95": 0.03499820828437805,
        "q99": 0.08443010598421097
      },
      "ensemble_argmax": {
        "hit": 0.6233512457254519,
        "hits": 1276,
        "mean": 0.012074215337634087,
        "q50": 0.007602198515087366,
        "q75": 0.013129280880093575,
        "q90": 0.02412647381424904,
        "q95": 0.037936020642519,
        "q99": 0.08694013208150864
      }
    },
    {
      "fold": 3,
      "attn_gru_argmax": {
        "hit": 0.6319625195210827,
        "hits": 1214,
        "mean": 0.012246761471033096,
        "q50": 0.007455244194716215,
        "q75": 0.012959449551999569,
        "q90": 0.025020135566592216,
        "q95": 0.04442534223198891,
        "q99": 0.0865921899676323
      },
      "attn_gru_pre_loss_last": 3.3987267204781433,
      "attn_gru_fine_loss_last": 3.1285023247196704,
      "attn_gru_pre_best_epoch": 8,
      "attn_gru_pre_best_hit": 0.6533055700156168,
      "attn_gru_fine_best_epoch": 1,
      "attn_gru_fine_best_hit": 0.6512233211868819,
      "oracle": {
        "hit": 0.7214992191566892,
        "hits": 1386,
        "mean": 0.010422948747873306,
        "q50": 0.005676219705492258,
        "q75": 0.010683736763894558,
        "q90": 0.02247864007949829,
        "q95": 0.04168751463294029,
        "q99": 0.08016326278448105
      },
      "ensemble_argmax": {
        "hit": 0.6319625195210827,
        "hits": 1214,
        "mean": 0.012246761471033096,
        "q50": 0.007455244194716215,
        "q75": 0.012959449551999569,
        "q90": 0.025020135566592216,
        "q95": 0.04442534223198891,
        "q99": 0.0865921899676323
      }
    },
    {
      "fold": 4,
      "attn_gru_argmax": {
        "hit": 0.6400990099009901,
        "hits": 1293,
        "mean": 0.012041380628943443,
        "q50": 0.007354293949902058,
        "q75": 0.012753833085298538,
        "q90": 0.02456504851579666,
        "q95": 0.043627507984638214,
        "q99": 0.09197688102722168
      },
      "attn_gru_pre_loss_last": 3.338098294734495,
      "attn_gru_fine_loss_last": 3.1337559319976576,
      "attn_gru_pre_best_epoch": 9,
      "attn_gru_pre_best_hit": 0.6534653465346535,
      "attn_gru_fine_best_epoch": 3,
      "attn_gru_fine_best_hit": 0.6524752475247525,
      "oracle": {
        "hit": 0.7237623762376237,
        "hits": 1462,
        "mean": 0.010277906432747841,
        "q50": 0.005653176456689835,
        "q75": 0.010685667395591736,
        "q90": 0.021903039887547493,
        "q95": 0.03921421989798546,
        "q99": 0.09197688102722168
      },
      "ensemble_argmax": {
        "hit": 0.6400990099009901,
        "hits": 1293,
        "mean": 0.012041380628943443,
        "q50": 0.007354293949902058,
        "q75": 0.012753833085298538,
        "q90": 0.02456504851579666,
        "q95": 0.043627507984638214,
        "q99": 0.09197688102722168
      }
    },
    {
      "fold": 5,
      "attn_gru_argmax": {
        "hit": 0.6169678714859438,
        "hits": 1229,
        "mean": 0.012604470364749432,
        "q50": 0.007830977439880371,
        "q75": 0.01309155859053135,
        "q90": 0.026315363124012947,
        "q95": 0.0442572683095932,
        "q99": 0.08673939853906631
      },
      "attn_gru_pre_loss_last": 3.341173024416831,
      "attn_gru_fine_loss_last": 3.1237268859928067,
      "attn_gru_pre_best_epoch": 10,
      "attn_gru_pre_best_hit": 0.6430722891566265,
      "attn_gru_fine_best_epoch": 4,
      "attn_gru_fine_best_hit": 0.6420682730923695,
      "oracle": {
        "hit": 0.7113453815261044,
        "hits": 1417,
        "mean": 0.010686410591006279,
        "q50": 0.005767624359577894,
        "q75": 0.011084653437137604,
        "q90": 0.02384922094643116,
        "q95": 0.041654910892248154,
        "q99": 0.08068595826625824
      },
      "ensemble_argmax": {
        "hit": 0.6169678714859438,
        "hits": 1229,
        "mean": 0.012604470364749432,
        "q50": 0.007830977439880371,
        "q75": 0.01309155859053135,
        "q90": 0.026315363124012947,
        "q95": 0.0442572683095932,
        "q99": 0.08673939853906631
      }
    }
  ],
  "model_oof": {
    "attn_gru": {
      "soft": {
        "temperature": 0.1,
        "metrics": {
          "hit": 0.6505,
          "hits": 6505,
          "mean": 0.011927441693842411,
          "q50": 0.007140845991671085,
          "q75": 0.012421200051903725,
          "q90": 0.02463013492524624,
          "q95": 0.04272567108273506,
          "q99": 0.0889686867594719
        }
      },
      "projected": {
        "residual_weight": 0.9,
        "temperature": 0.07,
        "metrics": {
          "hit": 0.6505,
          "hits": 6505,
          "mean": 0.011918416246771812,
          "q50": 0.0071191671304404736,
          "q75": 0.012424728833138943,
          "q90": 0.024631407111883163,
          "q95": 0.04268037527799606,
          "q99": 0.08937504142522812
        }
      },
      "argmax_soft_gate": {
        "temperature": 0.1,
        "margin_quantile": 0.98,
        "margin_threshold": 0.23605398833751678,
        "argmax_rate": 0.02,
        "metrics": {
          "hit": 0.6506,
          "hits": 6506,
          "mean": 0.011928100138902664,
          "q50": 0.007140845991671085,
          "q75": 0.012421200051903725,
          "q90": 0.02463013492524624,
          "q95": 0.04287189990282059,
          "q99": 0.0889686867594719
        }
      }
    }
  },
  "oof_tcn_gru_ensemble_soft": {
    "temperature": 0.1,
    "metrics": {
      "hit": 0.6505,
      "hits": 6505,
      "mean": 0.011927441693842411,
      "q50": 0.007140845991671085,
      "q75": 0.012421200051903725,
      "q90": 0.02463013492524624,
      "q95": 0.04272567108273506,
      "q99": 0.0889686867594719
    }
  },
  "oof_tcn_gru_ensemble_projected": {
    "residual_weight": 0.9,
    "temperature": 0.07,
    "metrics": {
      "hit": 0.6505,
      "hits": 6505,
      "mean": 0.011918416246771812,
      "q50": 0.0071191671304404736,
      "q75": 0.012424728833138943,
      "q90": 0.024631407111883163,
      "q95": 0.04268037527799606,
      "q99": 0.08937504142522812
    }
  },
  "oof_tcn_gru_ensemble_argmax_soft_gate": {
    "temperature": 0.1,
    "margin_quantile": 0.98,
    "margin_threshold": 0.23605398833751678,
    "argmax_rate": 0.02,
    "metrics": {
      "hit": 0.6506,
      "hits": 6506,
      "mean": 0.011928100138902664,
      "q50": 0.007140845991671085,
      "q75": 0.012421200051903725,
      "q90": 0.02463013492524624,
      "q95": 0.04287189990282059,
      "q99": 0.0889686867594719
    }
  },
  "oof_tcn_gru_ensemble_argmax": {
    "hit": 0.6304,
    "hits": 6304,
    "mean": 0.012207578867673874,
    "q50": 0.00752395112067461,
    "q75": 0.012874474748969078,
    "q90": 0.024836476892232895,
    "q95": 0.04233376309275627,
    "q99": 0.08871372789144516
  },
  "covered_rows": 10000,
  "full_losses": {},
  "files": []
}
[DONE] main elapsed=215.8s
[c5.5] sanity_baseline_27_oof: argmax=0.6304 soft=0.6466 oracle=0.7188 in_band=False (target Variant A 0.6570 ± 0.005)
